0 info it worked if it ends with ok
1 verbose cli [ '/home/ubuntu/.nvm/v0.10.12/bin/node',
1 verbose cli   '/home/ubuntu/.nvm/v0.10.12/bin/npm',
1 verbose cli   'install',
1 verbose cli   'nodemon' ]
2 info using npm@1.2.32
3 info using node@v0.10.12
4 verbose read json /home/ubuntu/workspace/package.json
5 warn package.json node-authentication@ No repository field.
6 verbose read json /home/ubuntu/workspace/node_modules/bcrypt-nodejs/package.json
7 verbose read json /home/ubuntu/workspace/node_modules/body-parser/package.json
8 verbose read json /home/ubuntu/workspace/node_modules/connect-flash/package.json
9 verbose read json /home/ubuntu/workspace/node_modules/cookie-parser/package.json
10 verbose read json /home/ubuntu/workspace/node_modules/ejs/package.json
11 verbose read json /home/ubuntu/workspace/node_modules/express/package.json
12 verbose read json /home/ubuntu/workspace/node_modules/express-session/package.json
13 verbose read json /home/ubuntu/workspace/node_modules/feed/package.json
14 verbose read json /home/ubuntu/workspace/node_modules/method-override/package.json
15 verbose read json /home/ubuntu/workspace/node_modules/mongoose/package.json
16 verbose read json /home/ubuntu/workspace/node_modules/morgan/package.json
17 verbose read json /home/ubuntu/workspace/node_modules/node_xslt/package.json
18 verbose read json /home/ubuntu/workspace/node_modules/passport/package.json
19 verbose read json /home/ubuntu/workspace/node_modules/passport-facebook/package.json
20 verbose read json /home/ubuntu/workspace/node_modules/passport-google-oauth/package.json
21 verbose read json /home/ubuntu/workspace/node_modules/passport-local/package.json
22 verbose read json /home/ubuntu/workspace/node_modules/passport-twitter/package.json
23 verbose read json /home/ubuntu/workspace/node_modules/socket.io/package.json
24 warn package.json passport-local@0.1.6 No readme data.
25 verbose from cache /home/ubuntu/workspace/package.json
26 verbose readDependencies using package.json deps
27 verbose cache add [ 'nodemon', null ]
28 verbose cache add name=undefined spec="nodemon" args=["nodemon",null]
29 verbose parsed url { protocol: null,
29 verbose parsed url   slashes: null,
29 verbose parsed url   auth: null,
29 verbose parsed url   host: null,
29 verbose parsed url   port: null,
29 verbose parsed url   hostname: null,
29 verbose parsed url   hash: null,
29 verbose parsed url   search: null,
29 verbose parsed url   query: null,
29 verbose parsed url   pathname: 'nodemon',
29 verbose parsed url   path: 'nodemon',
29 verbose parsed url   href: 'nodemon' }
30 silly lockFile 1625b929-nodemon nodemon
31 verbose lock nodemon /home/ubuntu/.npm/1625b929-nodemon.lock
32 silly lockFile 1625b929-nodemon nodemon
33 silly lockFile 1625b929-nodemon nodemon
34 verbose addNamed [ 'nodemon', '' ]
35 verbose addNamed [ null, '' ]
36 silly lockFile 4f5e51c6-nodemon nodemon@
37 verbose lock nodemon@ /home/ubuntu/.npm/4f5e51c6-nodemon.lock
38 silly addNameRange { name: 'nodemon', range: '', hasData: false }
39 verbose url raw nodemon
40 verbose url resolving [ 'https://registry.npmjs.org/', './nodemon' ]
41 verbose url resolved https://registry.npmjs.org/nodemon
42 info trying registry request attempt 1 at 00:32:34
43 verbose etag "EAUA72JDF5WN5GJXVPJU9COXL"
44 http GET https://registry.npmjs.org/nodemon
45 http 304 https://registry.npmjs.org/nodemon
46 silly registry.get cb [ 304,
46 silly registry.get   { date: 'Thu, 03 Dec 2015 00:32:35 GMT',
46 silly registry.get     via: '1.1 varnish',
46 silly registry.get     'cache-control': 'max-age=60',
46 silly registry.get     etag: '"EAUA72JDF5WN5GJXVPJU9COXL"',
46 silly registry.get     age: '11',
46 silly registry.get     connection: 'keep-alive',
46 silly registry.get     'x-served-by': 'cache-fra1240-FRA',
46 silly registry.get     'x-cache': 'HIT',
46 silly registry.get     'x-cache-hits': '1',
46 silly registry.get     'x-timer': 'S1449102755.046136,VS0,VE0',
46 silly registry.get     vary: 'Accept' } ]
47 verbose etag nodemon from cache
48 silly addNameRange number 2 { name: 'nodemon', range: '', hasData: true }
49 silly addNameRange versions [ 'nodemon',
49 silly addNameRange   [ '0.1.4',
49 silly addNameRange     '0.1.5',
49 silly addNameRange     '0.1.6',
49 silly addNameRange     '0.1.7',
49 silly addNameRange     '0.1.8',
49 silly addNameRange     '0.2.0',
49 silly addNameRange     '0.2.1',
49 silly addNameRange     '0.2.2',
49 silly addNameRange     '0.3.0',
49 silly addNameRange     '0.3.1',
49 silly addNameRange     '0.3.2',
49 silly addNameRange     '0.4.0',
49 silly addNameRange     '0.4.1',
49 silly addNameRange     '0.5.0',
49 silly addNameRange     '0.5.1',
49 silly addNameRange     '0.5.2',
49 silly addNameRange     '0.5.3',
49 silly addNameRange     '0.5.4',
49 silly addNameRange     '0.5.5',
49 silly addNameRange     '0.5.6',
49 silly addNameRange     '0.5.7',
49 silly addNameRange     '0.6.0',
49 silly addNameRange     '0.6.1',
49 silly addNameRange     '0.6.2',
49 silly addNameRange     '0.6.3',
49 silly addNameRange     '0.6.4',
49 silly addNameRange     '0.6.5',
49 silly addNameRange     '0.6.6',
49 silly addNameRange     '0.6.7',
49 silly addNameRange     '0.6.8',
49 silly addNameRange     '0.6.9',
49 silly addNameRange     '0.6.10',
49 silly addNameRange     '0.6.11',
49 silly addNameRange     '0.6.12',
49 silly addNameRange     '0.6.13',
49 silly addNameRange     '0.6.14',
49 silly addNameRange     '0.6.15',
49 silly addNameRange     '0.6.16',
49 silly addNameRange     '0.6.17',
49 silly addNameRange     '0.6.18',
49 silly addNameRange     '0.6.19',
49 silly addNameRange     '0.6.20',
49 silly addNameRange     '0.6.21',
49 silly addNameRange     '0.6.22',
49 silly addNameRange     '0.6.23',
49 silly addNameRange     '0.7.0',
49 silly addNameRange     '0.7.1',
49 silly addNameRange     '0.7.2',
49 silly addNameRange     '0.7.3',
49 silly addNameRange     '0.7.4',
49 silly addNameRange     '0.7.5',
49 silly addNameRange     '0.7.6',
49 silly addNameRange     '0.7.7',
49 silly addNameRange     '0.7.8',
49 silly addNameRange     '0.7.10',
49 silly addNameRange     '0.9.0',
49 silly addNameRange     '0.9.1',
49 silly addNameRange     '0.9.2',
49 silly addNameRange     '0.9.3',
49 silly addNameRange     '0.9.5',
49 silly addNameRange     '0.9.6',
49 silly addNameRange     '0.9.7',
49 silly addNameRange     '0.9.10',
49 silly addNameRange     '0.9.11',
49 silly addNameRange     '0.9.12',
49 silly addNameRange     '0.9.14',
49 silly addNameRange     '0.9.16',
49 silly addNameRange     '0.9.17',
49 silly addNameRange     '1.0.0',
49 silly addNameRange     '1.0.1',
49 silly addNameRange     '1.0.2',
49 silly addNameRange     '1.0.2-rc',
49 silly addNameRange     '0.6.10-a',
49 silly addNameRange     '1.0.2-rc3',
49 silly addNameRange     '1.0.2-rc4',
49 silly addNameRange     '1.0.3',
49 silly addNameRange     '1.0.4',
49 silly addNameRange     '1.0.5',
49 silly addNameRange     '1.0.6',
49 silly addNameRange     '1.0.7',
49 silly addNameRange     '1.0.8',
49 silly addNameRange     '1.0.9',
49 silly addNameRange     '1.0.10',
49 silly addNameRange     '1.0.11',
49 silly addNameRange     '1.0.12',
49 silly addNameRange     '1.0.13',
49 silly addNameRange     '1.0.14',
49 silly addNameRange     '1.0.15',
49 silly addNameRange     '1.0.16',
49 silly addNameRange     '1.0.17-rc1',
49 silly addNameRange     '1.0.17-rc2',
49 silly addNameRange     '1.0.17',
49 silly addNameRange     '1.0.18',
49 silly addNameRange     '1.0.19',
49 silly addNameRange     '1.0.20',
49 silly addNameRange     '1.1.0-alpha',
49 silly addNameRange     '1.1.0',
49 silly addNameRange     '1.1.1',
49 silly addNameRange     '1.2.0',
49 silly addNameRange     '1.2.1',
49 silly addNameRange     '1.3.0-0',
49 silly addNameRange     '1.3.0-1',
49 silly addNameRange     '1.3.0-2',
49 silly addNameRange     '1.3.0-3',
49 silly addNameRange     '1.3.0-4',
49 silly addNameRange     '1.3.0-5',
49 silly addNameRange     '1.3.0-6',
49 silly addNameRange     '1.3.0-7',
49 silly addNameRange     '1.3.0',
49 silly addNameRange     '1.3.1',
49 silly addNameRange     '1.3.2',
49 silly addNameRange     '1.3.3',
49 silly addNameRange     '1.3.5',
49 silly addNameRange     '1.3.6',
49 silly addNameRange     '1.3.7',
49 silly addNameRange     '1.3.8',
49 silly addNameRange     '1.4.0',
49 silly addNameRange     '1.4.1',
49 silly addNameRange     '1.5.0-alpha1',
49 silly addNameRange     '1.5.0-alpha2',
49 silly addNameRange     '1.5.0-alpha3',
49 silly addNameRange     '1.5.0-alpha4',
49 silly addNameRange     '1.4.2',
49 silly addNameRange     '1.5.0',
49 silly addNameRange     '1.5.1',
49 silly addNameRange     '1.6.0',
49 silly addNameRange     '1.6.1',
49 silly addNameRange     '1.7.0',
49 silly addNameRange     '1.7.1',
49 silly addNameRange     '1.7.2',
49 silly addNameRange     '1.7.3',
49 silly addNameRange     '1.8.0',
49 silly addNameRange     '1.8.1' ] ]
50 verbose addNamed [ 'nodemon', '1.8.1' ]
51 verbose addNamed [ '1.8.1', '1.8.1' ]
52 silly lockFile d418affa-nodemon-1-8-1 nodemon@1.8.1
53 verbose lock nodemon@1.8.1 /home/ubuntu/.npm/d418affa-nodemon-1-8-1.lock
54 verbose read json /home/ubuntu/.npm/nodemon/1.8.1/package/package.json
55 silly lockFile d418affa-nodemon-1-8-1 nodemon@1.8.1
56 silly lockFile d418affa-nodemon-1-8-1 nodemon@1.8.1
57 silly lockFile 4f5e51c6-nodemon nodemon@
58 silly lockFile 4f5e51c6-nodemon nodemon@
59 silly resolved [ { name: 'nodemon',
59 silly resolved     homepage: 'http://nodemon.io',
59 silly resolved     author: { name: 'Remy Sharp', url: 'http://github.com/remy' },
59 silly resolved     bin: { nodemon: './bin/nodemon.js' },
59 silly resolved     engines: { node: '>=0.8' },
59 silly resolved     repository: { type: 'git', url: 'https://github.com/remy/nodemon.git' },
59 silly resolved     description: 'Simple monitor script for use during development of a node.js app.',
59 silly resolved     keywords:
59 silly resolved      [ 'monitor',
59 silly resolved        'development',
59 silly resolved        'restart',
59 silly resolved        'autoload',
59 silly resolved        'reload',
59 silly resolved        'terminal' ],
59 silly resolved     preferGlobal: 'true',
59 silly resolved     license: 'MIT',
59 silly resolved     main: './lib/nodemon',
59 silly resolved     scripts:
59 silly resolved      { coverage: 'istanbul cover _mocha -- --timeout 30000 --ui bdd --reporter list test/**/*.test.js',
59 silly resolved        lint: 'jscs lib/**/*.js -v',
59 silly resolved        ':spec': 'node_modules/.bin/mocha --timeout 30000 --ui bdd test/**/*.test.js',
59 silly resolved        test: 'npm run lint && npm run spec',
59 silly resolved        spec: 'for FILE in test/**/*.test.js; do echo $FILE; ./node_modules/.bin/mocha --timeout 30000 $FILE; if [ $? -ne 0 ]; then exit 1; fi; sleep 1; done',
59 silly resolved        web: 'node web',
59 silly resolved        'semantic-release': 'semantic-release pre && npm publish && semantic-release post' },
59 silly resolved     devDependencies:
59 silly resolved      { async: '1.4.2',
59 silly resolved        'coffee-script': '~1.7.1',
59 silly resolved        connect: '~2.19.1',
59 silly resolved        istanbul: '~0.2.10',
59 silly resolved        jscs: '2.1.1',
59 silly resolved        mocha: '2.3.3',
59 silly resolved        should: '~4.0.0',
59 silly resolved        'semantic-release': '4.3.5' },
59 silly resolved     dependencies:
59 silly resolved      { chokidar: '^1.2.0',
59 silly resolved        debug: '^2.2.0',
59 silly resolved        'es6-promise': '^3.0.2',
59 silly resolved        'lodash.defaults': '^3.1.2',
59 silly resolved        minimatch: '^3.0.0',
59 silly resolved        'ps-tree': '^1.0.1',
59 silly resolved        touch: '1.0.0',
59 silly resolved        undefsafe: '0.0.3',
59 silly resolved        'update-notifier': '0.5.0' },
59 silly resolved     version: '1.8.1',
59 silly resolved     readme: '![nodemon logo](http://nodemon.io/nodemon.svg)\n\n# nodemon\n\n[![Donate](https://img.shields.io/badge/donate-%20%E2%9D%A4%20-green.svg)](https://www.paypal.me/rem)\n\nFor use during development of a node.js based application.\n\nnodemon will watch the files in the directory in which nodemon was started, and if any files change, nodemon will automatically restart your node application.\n\nnodemon does **not** require *any* changes to your code or method of development. nodemon simply wraps your node application and keeps an eye on any files that have changed. Remember that nodemon is a replacement wrapper for `node`, think of it as replacing the word "node" on the command line when you run your script.\n\n[![NPM version](https://badge.fury.io/js/nodemon.svg)](https://npmjs.org/package/nodemon)\n[![Travis Status](https://travis-ci.org/remy/nodemon.svg?branch=master)](https://travis-ci.org/remy/nodemon)\n\n# Installation\n\nEither through forking or by using [npm](http://npmjs.org) (the recommended way):\n\n    npm install -g nodemon\n\nAnd nodemon will be installed in to your bin path. Note that as of npm v1, you must explicitly tell npm to install globally as nodemon is a command line utility.\n\n# Usage\n\nnodemon wraps your application, so you can pass all the arguments you would normally pass to your app:\n\n    nodemon [your node app]\n\nFor CLI options, use the `-h` (or `--help`) argument:\n\n    nodemon -h\n\nUsing nodemon is simple, if my application accepted a host and port as the arguments, I would start it as so:\n\n    nodemon ./server.js localhost 8080\n\nAny output from this script is prefixed with `[nodemon]`, otherwise all output from your application, errors included, will be echoed out as expected.\n\nnodemon also supports running and monitoring [coffee-script](http://coffeescript.org/) apps:\n\n    nodemon server.coffee\n\nIf no script is given, nodemon will test for a `package.json` file and if found, will run the file associated with the *main* property ([ref](https://github.com/remy/nodemon/issues/14)).\n\nYou can also pass the debug flag to node through the command line as you would normally:\n\n    nodemon --debug ./server.js 80\n\nIf you have a `package.json` file for your app, you can omit the main script entirely and nodemon will read the `package.json` for the `main` property and use that value as the app.\n\nnodemon will also search for the `scripts.start` property in `package.json` (as of nodemon 1.1.x).\n\nAlso check out the [FAQ](https://github.com/remy/nodemon/blob/master/faq.md) or [issues](https://github.com/remy/nodemon/issues) for nodemon.\n\n## Automatic re-running\n\nnodemon was originally written to restart hanging processes such as web servers, but now supports apps that cleanly exit. If your script exits cleanly, nodemon will continue to monitor the directory (or directories) and restart the script if there are any changes.\n\n## Manual restarting\n\nWhilst nodemon is running, if you need to manually restart your application, instead of stopping and restart nodemon, you can simply type `rs` with a carriage return, and nodemon will restart your process.\n\n## Config files\n\nnodemon supports local and global configuration files. These are named `nodemon.json` and can be located in the current working directory or in your home directory.\n\nThe specificity is as follows, so that a command line argument will always override the config file settings:\n\n- command line arguments\n- local config\n- global config\n\nA config file can take any of the command line arguments as JSON key values, for example:\n\n    {\n      "verbose": true,\n      "ignore": ["*.test.js", "fixtures/*"],\n      "execMap": {\n        "rb": "ruby",\n        "pde": "processing --sketch={{pwd}} --run"\n      }\n    }\n\nThe above `nodemon.json` file might be my global config so that I have support for ruby files and processing files, and I can simply run `nodemon demo.pde` and nodemon will automatically know how to run the script even though out of the box support for processing scripts.\n\nA further example of options can be seen in [sample-nodemon.md](https://github.com/remy/nodemon/blob/master/doc/sample-nodemon.md)\n\n*This section needs better documentation, but for now you can also see `nodemon --help config` ([also here](https://github.com/remy/nodemon/blob/master/doc/cli/config.txt))*.\n\n## Using nodemon as a module\n\nPlease see [doc/requireable.md](doc/requireable.md)\n\n## Running non-node scripts\n\nnodemon can also be used to execute and monitor other programs. nodemon will read the file extension of the script being run and monitor that extension instead of .js if there\'s no .nodemonignore:\n\n    nodemon --exec "python -v" ./app.py\n\nNow nodemon will run `app.py` with python in verbose mode (note that if you\'re not passing args to the exec program, you don\'t need the quotes), and look for new or modified files with the `.py` extension.\n\n### Default executables\n\nUsing the `nodemon.json` config file, you can define your own default executables using the `execMap` property. This is particularly useful if you\'re working with a language that isn\'t supported by default by nodemon.\n\nTo add support for nodemon to know about the .pl extension (for Perl), the nodemon.json file would add:\n\n    {\n      "execMap": {\n         "pl": "perl"\n      }\n    }\n\nNow running the following, nodemon will know to use `perl` as the executable:\n\n    nodemon script.pl\n\nIt\'s generally recommended to use the global `nodemon.json` to add your own `execMap` options. However, if there\'s a common default that\'s missing, this can be merged in to the project so that nodemon supports it by default, by changing [default.js](https://github.com/remy/nodemon/blob/master/lib/config/defaults.js) and sending a pull request.\n\n## Monitoring multiple directories\n\nBy default nodemon monitors the current working directory. If you want to take control of that option, use the `--watch` option to add specific paths:\n\n    nodemon --watch app --watch libs app/server.js\n\nNow nodemon will only restart if there are changes in the `./app` or `./libs` directory. By default nodemon will traverse sub-directories, so there\'s no need in explicitly including sub-directories.\n\nDon\'t use unix globbing to pass multiple directories, e.g `--watch ./lib/*`, it won\'t work. You need a `--watch` flag per directory watched.\n\n## Specifying extension watch list\n\nBy default, nodemon looks for files with the `.js`, `.coffee`, `.litcoffee`, and `.json` extensions. If you use the `--exec` option and monitor `app.py` nodemon will monitor files with the extension of `.py`. However, you can specify your own list with the `-e` (or `--ext`) switch like so:\n\n    nodemon -e js,jade\n\nNow nodemon will restart on any changes to files in the directory (or subdirectories) with the extensions .js, .jade.\n\n## Ignoring files\n\nBy default, nodemon will only restart when a `.js` JavaScript file changes. In some cases you will want to ignore some specific files, directories or file patterns, to prevent nodemon from prematurely restarting your application.\n\nThis can be done via the command line:\n\n    nodemon --ignore lib/ --ignore tests/\n\nOr specific files can be ignored:\n\n    nodemon --ignore lib/app.js\n\nPatterns can also be ignored (but be sure to quote the arguments):\n\n    nodemon --ignore \'lib/*.js\'\n\nNote that by default, nodemon will ignore the `.git`, `node_modules`, `bower_components` and `.sass-cache` directories and *add* your ignored patterns to the list. If you want to indeed watch a directory like `node_modules`, you need to [overriding the underlying default ignore rules](https://github.com/remy/nodemon/blob/master/faq.md#overriding-the-underlying-default-ignore-rules).\n\n## Application isn\'t restarting\n\nIn some networked environments (such as a container running nodemon reading across a mounted drive), you will need to use the `legacyWatch: true` which enabled Chokidar\'s polling.\n\nVia the CLI, use either `--legacy-watch` or `-L` for short:\n\n    nodemon -L\n\nThough this should be a last resort as it will poll every file it can find.\n\n## Delaying restarting\n\nIn some situations, you may want to wait until a number of files have changed. The timeout before checking for new file changes is 1 second. If you\'re uploading a number of files and it\'s taking some number of seconds, this could cause your app to restart multiple times unnecessarily.\n\nTo add an extra throttle, or delay restarting, use the `--delay` command:\n\n    nodemon --delay 10 server.js\n\nFor more precision, milliseconds can be specified.  Either as a float:\n\n    nodemon --delay 2.5 server.js\n\nOr using the time specifier (ms):\n\n    nodemon --delay 2500ms server.js\n\nThe delay figure is number of seconds (or milliseconds, if specified) to delay before restarting. So nodemon will only restart your app the given number of seconds after the *last* file change.\n\n## Controlling shutdown of your script\n\nnodemon sends a kill signal to your application when it sees a file update. If you need to clean up on shutdown inside your script you can capture the kill signal and handle it yourself.\n\nThe following example will listen once for the `SIGUSR2` signal (used by nodemon to restart), run the clean up process and then kill itself for nodemon to continue control:\n\n    process.once(\'SIGUSR2\', function () {\n      gracefulShutdown(function () {\n        process.kill(process.pid, \'SIGUSR2\');\n      });\n    });\n\nNote that the `process.kill` is *only* called once your shutdown jobs are complete. Hat tip to [Benjie Gillam](http://www.benjiegillam.com/2011/08/node-js-clean-restart-and-faster-development-with-nodemon/) for writing this technique up.\n\n## Triggering events when nodemon state changes\n\nIf you want growl like notifications when nodemon restarts or to trigger an action when an event happens, then you can either `require` nodemon or simply add event actions to your `nodemon.json` file.\n\nFor example, to trigger a notification on a Mac when nodemon restarts, `nodemon.json` looks like this:\n\n```json\n{\n  "events": {\n    "restart": "osascript -e \'display notification \\"app restarted\\" with title \\"nodemon\\"\'"\n  }\n}\n```\n\nA full list of available events is listed on the [event states wiki](https://github.com/remy/nodemon/wiki/Events#states). Note that you can bind to both states and messages.\n\n## Pipe output to somewhere else\n\n```js\nnodemon({\n  script: ...,\n  stdout: false // important: this tells nodemon not to output to console\n}).on(\'readable\', function() { // the `readable` event indicates that data is ready to pick up\n  this.stdout.pipe(fs.createWriteStream(\'output.txt\'));\n  this.stderr.pipe(fs.createWriteStream(\'err.txt\'));\n});\n```\n\n## Using io.js for nodemon\n\nIf you *only* have io.js installed (and the default install creates a symlink from `node` to `iojs`), then nodemon will work just fine out of the box (or [should](https://github.com/remy/nodemon/issues/468)).\n\nIf you\'ve got *both* node and io.js installed, then it\'s easy! You can either edit the local `nodemon.json` file (in your working directory) or in your `$HOME` directory containing:\n\n```json\n{\n  "execMap": {\n    "js": "iojs"\n  }\n}\n```\n\nNow you nodemon will use [io.js](https://iojs.org/) with JavaScript files instead of node.\n\n## Using nodemon in your gulp workflow\n\nCheck out the [gulp-nodemon](https://github.com/JacksonGariety/gulp-nodemon) plugin to integrate nodemon with the rest of your project\'s gulp workflow.\n\n## Using nodemon in your Grunt workflow\n\nCheck out the [grunt-nodemon](https://github.com/ChrisWren/grunt-nodemon) plugin to integrate nodemon with the rest of your project\'s grunt workflow.\n\n## Pronunciation\n\n> nodemon, is it pronunced: node-mon, no-demon or node-e-mon (like pokémon)?\n\nWell...I\'ve been asked this many times before. I like that I\'ve been asked this before. There\'s been bets as to which one it actually is.\n\nThe answer is simple, but possibly frustrating. I\'m not saying (how I pronounce it). It\'s up to you to call it as you like. All answers are correct :)\n\n## FAQ\n\nSee the [FAQ](https://github.com/remy/nodemon/blob/master/faq.md) and please add your own questions if you think they would help others.\n\n# License\n\nMIT [http://rem.mit-license.org](http://rem.mit-license.org)\n',
59 silly resolved     readmeFilename: 'README.md',
59 silly resolved     bugs: { url: 'https://github.com/remy/nodemon/issues' },
59 silly resolved     _id: 'nodemon@1.8.1',
59 silly resolved     _from: 'nodemon@' } ]
60 info install nodemon@1.8.1 into /home/ubuntu/workspace
61 info installOne nodemon@1.8.1
62 verbose from cache /home/ubuntu/.npm/nodemon/1.8.1/package/package.json
63 info /home/ubuntu/workspace/node_modules/nodemon unbuild
64 verbose read json /home/ubuntu/workspace/node_modules/nodemon/package.json
65 verbose tar unpack /home/ubuntu/.npm/nodemon/1.8.1/package.tgz
66 silly lockFile c969a3a9-u-workspace-node-modules-nodemon tar:///home/ubuntu/workspace/node_modules/nodemon
67 verbose lock tar:///home/ubuntu/workspace/node_modules/nodemon /home/ubuntu/.npm/c969a3a9-u-workspace-node-modules-nodemon.lock
68 silly lockFile 53ef3ccd-tu-npm-nodemon-1-8-1-package-tgz tar:///home/ubuntu/.npm/nodemon/1.8.1/package.tgz
69 verbose lock tar:///home/ubuntu/.npm/nodemon/1.8.1/package.tgz /home/ubuntu/.npm/53ef3ccd-tu-npm-nodemon-1-8-1-package-tgz.lock
70 silly gunzTarPerm modes [ '755', '644' ]
71 silly gunzTarPerm extractEntry package.json
72 silly gunzTarPerm extractEntry .npmignore
73 silly gunzTarPerm extractEntry README.md
74 silly gunzTarPerm extractEntry .travis.yml
75 silly gunzTarPerm extractEntry CODE_OF_CONDUCT.md
76 silly gunzTarPerm extractEntry CONTRIBUTING.md
77 silly gunzTarPerm extractEntry Dockerfile
78 silly gunzTarPerm extractEntry .jshintrc
79 silly gunzTarPerm extractEntry bin/nodemon.js
80 silly gunzTarPerm extractEntry doc/arch.md
81 silly gunzTarPerm extractEntry doc/cli/authors.txt
82 silly gunzTarPerm extractEntry doc/cli/config.txt
83 silly gunzTarPerm extractEntry doc/cli/help.txt
84 silly gunzTarPerm extractEntry doc/cli/logo.txt
85 silly gunzTarPerm extractEntry doc/cli/topics.txt
86 silly gunzTarPerm extractEntry doc/cli/usage.txt
87 silly gunzTarPerm extractEntry doc/cli/whoami.txt
88 silly gunzTarPerm extractEntry doc/events.md
89 silly gunzTarPerm extractEntry doc/option-parsing-logic.md
90 silly gunzTarPerm extractEntry doc/requireable.md
91 silly gunzTarPerm extractEntry doc/rules.md
92 silly gunzTarPerm extractEntry doc/sample-nodemon.md
93 silly gunzTarPerm extractEntry faq.md
94 silly gunzTarPerm extractEntry lib/index.js
95 silly gunzTarPerm extractEntry lib/nodemon.js
96 silly gunzTarPerm extractEntry lib/spawn.js
97 silly gunzTarPerm extractEntry lib/version.js
98 silly gunzTarPerm extractEntry lib/cli/index.js
99 silly gunzTarPerm extractEntry lib/cli/parse.js
100 silly gunzTarPerm extractEntry lib/config/command.js
101 silly gunzTarPerm extractEntry lib/config/defaults.js
102 silly gunzTarPerm extractEntry lib/config/exec.js
103 silly gunzTarPerm extractEntry lib/config/index.js
104 silly gunzTarPerm extractEntry lib/config/load.js
105 silly gunzTarPerm extractEntry lib/help/index.js
106 silly gunzTarPerm extractEntry lib/monitor/index.js
107 silly gunzTarPerm extractEntry lib/monitor/match.js
108 silly gunzTarPerm extractEntry lib/monitor/run.js
109 silly gunzTarPerm extractEntry lib/monitor/watch.js
110 silly gunzTarPerm extractEntry lib/rules/add.js
111 silly gunzTarPerm extractEntry lib/rules/index.js
112 silly gunzTarPerm extractEntry lib/rules/parse.js
113 silly gunzTarPerm extractEntry lib/utils/bus.js
114 silly gunzTarPerm extractEntry lib/utils/clone.js
115 silly gunzTarPerm extractEntry lib/utils/colour.js
116 silly gunzTarPerm extractEntry lib/utils/index.js
117 silly gunzTarPerm extractEntry lib/utils/log.js
118 silly gunzTarPerm extractEntry lib/utils/merge.js
119 silly gunzTarPerm extractEntry .jscsrc
120 silly gunzTarPerm extractEntry travis_after_all.py
121 silly gunzTarPerm extractEntry web/index.js
122 silly gunzTarPerm extractEntry web/index.html
123 silly gunzTarPerm extractEntry web/nodemon.svg
124 verbose read json /home/ubuntu/workspace/node_modules/nodemon/package.json
125 silly lockFile c969a3a9-u-workspace-node-modules-nodemon tar:///home/ubuntu/workspace/node_modules/nodemon
126 silly lockFile c969a3a9-u-workspace-node-modules-nodemon tar:///home/ubuntu/workspace/node_modules/nodemon
127 silly lockFile 53ef3ccd-tu-npm-nodemon-1-8-1-package-tgz tar:///home/ubuntu/.npm/nodemon/1.8.1/package.tgz
128 silly lockFile 53ef3ccd-tu-npm-nodemon-1-8-1-package-tgz tar:///home/ubuntu/.npm/nodemon/1.8.1/package.tgz
129 info preinstall nodemon@1.8.1
130 verbose from cache /home/ubuntu/workspace/node_modules/nodemon/package.json
131 verbose readDependencies using package.json deps
132 verbose from cache /home/ubuntu/workspace/node_modules/nodemon/package.json
133 verbose readDependencies using package.json deps
134 verbose cache add [ 'es6-promise@^3.0.2', null ]
135 verbose cache add name=undefined spec="es6-promise@^3.0.2" args=["es6-promise@^3.0.2",null]
136 verbose parsed url { protocol: null,
136 verbose parsed url   slashes: null,
136 verbose parsed url   auth: null,
136 verbose parsed url   host: null,
136 verbose parsed url   port: null,
136 verbose parsed url   hostname: null,
136 verbose parsed url   hash: null,
136 verbose parsed url   search: null,
136 verbose parsed url   query: null,
136 verbose parsed url   pathname: 'es6-promise@^3.0.2',
136 verbose parsed url   path: 'es6-promise@^3.0.2',
136 verbose parsed url   href: 'es6-promise@^3.0.2' }
137 verbose cache add name="es6-promise" spec="^3.0.2" args=["es6-promise","^3.0.2"]
138 verbose parsed url { protocol: null,
138 verbose parsed url   slashes: null,
138 verbose parsed url   auth: null,
138 verbose parsed url   host: null,
138 verbose parsed url   port: null,
138 verbose parsed url   hostname: null,
138 verbose parsed url   hash: null,
138 verbose parsed url   search: null,
138 verbose parsed url   query: null,
138 verbose parsed url   pathname: '^3.0.2',
138 verbose parsed url   path: '^3.0.2',
138 verbose parsed url   href: '^3.0.2' }
139 verbose addNamed [ 'es6-promise', '^3.0.2' ]
140 verbose addNamed [ null, null ]
141 silly lockFile eacf8031-es6-promise-3-0-2 es6-promise@^3.0.2
142 verbose lock es6-promise@^3.0.2 /home/ubuntu/.npm/eacf8031-es6-promise-3-0-2.lock
143 verbose cache add [ 'lodash.defaults@^3.1.2', null ]
144 verbose cache add name=undefined spec="lodash.defaults@^3.1.2" args=["lodash.defaults@^3.1.2",null]
145 verbose parsed url { protocol: null,
145 verbose parsed url   slashes: null,
145 verbose parsed url   auth: null,
145 verbose parsed url   host: null,
145 verbose parsed url   port: null,
145 verbose parsed url   hostname: null,
145 verbose parsed url   hash: null,
145 verbose parsed url   search: null,
145 verbose parsed url   query: null,
145 verbose parsed url   pathname: 'lodash.defaults@^3.1.2',
145 verbose parsed url   path: 'lodash.defaults@^3.1.2',
145 verbose parsed url   href: 'lodash.defaults@^3.1.2' }
146 verbose cache add name="lodash.defaults" spec="^3.1.2" args=["lodash.defaults","^3.1.2"]
147 verbose parsed url { protocol: null,
147 verbose parsed url   slashes: null,
147 verbose parsed url   auth: null,
147 verbose parsed url   host: null,
147 verbose parsed url   port: null,
147 verbose parsed url   hostname: null,
147 verbose parsed url   hash: null,
147 verbose parsed url   search: null,
147 verbose parsed url   query: null,
147 verbose parsed url   pathname: '^3.1.2',
147 verbose parsed url   path: '^3.1.2',
147 verbose parsed url   href: '^3.1.2' }
148 verbose addNamed [ 'lodash.defaults', '^3.1.2' ]
149 verbose addNamed [ null, null ]
150 silly lockFile 28a2b61b-lodash-defaults-3-1-2 lodash.defaults@^3.1.2
151 verbose lock lodash.defaults@^3.1.2 /home/ubuntu/.npm/28a2b61b-lodash-defaults-3-1-2.lock
152 info addNameTag [ 'es6-promise', '^3.0.2' ]
153 verbose cache add [ 'minimatch@^3.0.0', null ]
154 verbose cache add name=undefined spec="minimatch@^3.0.0" args=["minimatch@^3.0.0",null]
155 verbose parsed url { protocol: null,
155 verbose parsed url   slashes: null,
155 verbose parsed url   auth: null,
155 verbose parsed url   host: null,
155 verbose parsed url   port: null,
155 verbose parsed url   hostname: null,
155 verbose parsed url   hash: null,
155 verbose parsed url   search: null,
155 verbose parsed url   query: null,
155 verbose parsed url   pathname: 'minimatch@^3.0.0',
155 verbose parsed url   path: 'minimatch@^3.0.0',
155 verbose parsed url   href: 'minimatch@^3.0.0' }
156 verbose cache add name="minimatch" spec="^3.0.0" args=["minimatch","^3.0.0"]
157 verbose parsed url { protocol: null,
157 verbose parsed url   slashes: null,
157 verbose parsed url   auth: null,
157 verbose parsed url   host: null,
157 verbose parsed url   port: null,
157 verbose parsed url   hostname: null,
157 verbose parsed url   hash: null,
157 verbose parsed url   search: null,
157 verbose parsed url   query: null,
157 verbose parsed url   pathname: '^3.0.0',
157 verbose parsed url   path: '^3.0.0',
157 verbose parsed url   href: '^3.0.0' }
158 verbose addNamed [ 'minimatch', '^3.0.0' ]
159 verbose addNamed [ null, null ]
160 silly lockFile bed99fe0-minimatch-3-0-0 minimatch@^3.0.0
161 verbose lock minimatch@^3.0.0 /home/ubuntu/.npm/bed99fe0-minimatch-3-0-0.lock
162 verbose cache add [ 'ps-tree@^1.0.1', null ]
163 verbose cache add name=undefined spec="ps-tree@^1.0.1" args=["ps-tree@^1.0.1",null]
164 verbose parsed url { protocol: null,
164 verbose parsed url   slashes: null,
164 verbose parsed url   auth: null,
164 verbose parsed url   host: null,
164 verbose parsed url   port: null,
164 verbose parsed url   hostname: null,
164 verbose parsed url   hash: null,
164 verbose parsed url   search: null,
164 verbose parsed url   query: null,
164 verbose parsed url   pathname: 'ps-tree@^1.0.1',
164 verbose parsed url   path: 'ps-tree@^1.0.1',
164 verbose parsed url   href: 'ps-tree@^1.0.1' }
165 verbose cache add name="ps-tree" spec="^1.0.1" args=["ps-tree","^1.0.1"]
166 verbose parsed url { protocol: null,
166 verbose parsed url   slashes: null,
166 verbose parsed url   auth: null,
166 verbose parsed url   host: null,
166 verbose parsed url   port: null,
166 verbose parsed url   hostname: null,
166 verbose parsed url   hash: null,
166 verbose parsed url   search: null,
166 verbose parsed url   query: null,
166 verbose parsed url   pathname: '^1.0.1',
166 verbose parsed url   path: '^1.0.1',
166 verbose parsed url   href: '^1.0.1' }
167 verbose addNamed [ 'ps-tree', '^1.0.1' ]
168 verbose addNamed [ null, null ]
169 silly lockFile 6ce005ce-ps-tree-1-0-1 ps-tree@^1.0.1
170 verbose lock ps-tree@^1.0.1 /home/ubuntu/.npm/6ce005ce-ps-tree-1-0-1.lock
171 info addNameTag [ 'lodash.defaults', '^3.1.2' ]
172 info addNameTag [ 'minimatch', '^3.0.0' ]
173 verbose cache add [ 'touch@1.0.0', null ]
174 verbose cache add name=undefined spec="touch@1.0.0" args=["touch@1.0.0",null]
175 verbose parsed url { protocol: null,
175 verbose parsed url   slashes: null,
175 verbose parsed url   auth: null,
175 verbose parsed url   host: null,
175 verbose parsed url   port: null,
175 verbose parsed url   hostname: null,
175 verbose parsed url   hash: null,
175 verbose parsed url   search: null,
175 verbose parsed url   query: null,
175 verbose parsed url   pathname: 'touch@1.0.0',
175 verbose parsed url   path: 'touch@1.0.0',
175 verbose parsed url   href: 'touch@1.0.0' }
176 verbose cache add name="touch" spec="1.0.0" args=["touch","1.0.0"]
177 verbose parsed url { protocol: null,
177 verbose parsed url   slashes: null,
177 verbose parsed url   auth: null,
177 verbose parsed url   host: null,
177 verbose parsed url   port: null,
177 verbose parsed url   hostname: null,
177 verbose parsed url   hash: null,
177 verbose parsed url   search: null,
177 verbose parsed url   query: null,
177 verbose parsed url   pathname: '1.0.0',
177 verbose parsed url   path: '1.0.0',
177 verbose parsed url   href: '1.0.0' }
178 verbose addNamed [ 'touch', '1.0.0' ]
179 verbose addNamed [ '1.0.0', '1.0.0' ]
180 silly lockFile 55bbde58-touch-1-0-0 touch@1.0.0
181 verbose lock touch@1.0.0 /home/ubuntu/.npm/55bbde58-touch-1-0-0.lock
182 verbose cache add [ 'undefsafe@0.0.3', null ]
183 verbose cache add name=undefined spec="undefsafe@0.0.3" args=["undefsafe@0.0.3",null]
184 verbose parsed url { protocol: null,
184 verbose parsed url   slashes: null,
184 verbose parsed url   auth: null,
184 verbose parsed url   host: null,
184 verbose parsed url   port: null,
184 verbose parsed url   hostname: null,
184 verbose parsed url   hash: null,
184 verbose parsed url   search: null,
184 verbose parsed url   query: null,
184 verbose parsed url   pathname: 'undefsafe@0.0.3',
184 verbose parsed url   path: 'undefsafe@0.0.3',
184 verbose parsed url   href: 'undefsafe@0.0.3' }
185 verbose cache add name="undefsafe" spec="0.0.3" args=["undefsafe","0.0.3"]
186 verbose parsed url { protocol: null,
186 verbose parsed url   slashes: null,
186 verbose parsed url   auth: null,
186 verbose parsed url   host: null,
186 verbose parsed url   port: null,
186 verbose parsed url   hostname: null,
186 verbose parsed url   hash: null,
186 verbose parsed url   search: null,
186 verbose parsed url   query: null,
186 verbose parsed url   pathname: '0.0.3',
186 verbose parsed url   path: '0.0.3',
186 verbose parsed url   href: '0.0.3' }
187 verbose addNamed [ 'undefsafe', '0.0.3' ]
188 verbose addNamed [ '0.0.3', '0.0.3' ]
189 silly lockFile 80ee6b50-undefsafe-0-0-3 undefsafe@0.0.3
190 verbose lock undefsafe@0.0.3 /home/ubuntu/.npm/80ee6b50-undefsafe-0-0-3.lock
191 verbose cache add [ 'update-notifier@0.5.0', null ]
192 verbose cache add name=undefined spec="update-notifier@0.5.0" args=["update-notifier@0.5.0",null]
193 verbose parsed url { protocol: null,
193 verbose parsed url   slashes: null,
193 verbose parsed url   auth: null,
193 verbose parsed url   host: null,
193 verbose parsed url   port: null,
193 verbose parsed url   hostname: null,
193 verbose parsed url   hash: null,
193 verbose parsed url   search: null,
193 verbose parsed url   query: null,
193 verbose parsed url   pathname: 'update-notifier@0.5.0',
193 verbose parsed url   path: 'update-notifier@0.5.0',
193 verbose parsed url   href: 'update-notifier@0.5.0' }
194 verbose cache add name="update-notifier" spec="0.5.0" args=["update-notifier","0.5.0"]
195 verbose parsed url { protocol: null,
195 verbose parsed url   slashes: null,
195 verbose parsed url   auth: null,
195 verbose parsed url   host: null,
195 verbose parsed url   port: null,
195 verbose parsed url   hostname: null,
195 verbose parsed url   hash: null,
195 verbose parsed url   search: null,
195 verbose parsed url   query: null,
195 verbose parsed url   pathname: '0.5.0',
195 verbose parsed url   path: '0.5.0',
195 verbose parsed url   href: '0.5.0' }
196 verbose addNamed [ 'update-notifier', '0.5.0' ]
197 verbose addNamed [ '0.5.0', '0.5.0' ]
198 silly lockFile b58dff02-update-notifier-0-5-0 update-notifier@0.5.0
199 verbose lock update-notifier@0.5.0 /home/ubuntu/.npm/b58dff02-update-notifier-0-5-0.lock
200 verbose cache add [ 'chokidar@^1.2.0', null ]
201 verbose cache add name=undefined spec="chokidar@^1.2.0" args=["chokidar@^1.2.0",null]
202 verbose parsed url { protocol: null,
202 verbose parsed url   slashes: null,
202 verbose parsed url   auth: null,
202 verbose parsed url   host: null,
202 verbose parsed url   port: null,
202 verbose parsed url   hostname: null,
202 verbose parsed url   hash: null,
202 verbose parsed url   search: null,
202 verbose parsed url   query: null,
202 verbose parsed url   pathname: 'chokidar@^1.2.0',
202 verbose parsed url   path: 'chokidar@^1.2.0',
202 verbose parsed url   href: 'chokidar@^1.2.0' }
203 verbose cache add name="chokidar" spec="^1.2.0" args=["chokidar","^1.2.0"]
204 verbose parsed url { protocol: null,
204 verbose parsed url   slashes: null,
204 verbose parsed url   auth: null,
204 verbose parsed url   host: null,
204 verbose parsed url   port: null,
204 verbose parsed url   hostname: null,
204 verbose parsed url   hash: null,
204 verbose parsed url   search: null,
204 verbose parsed url   query: null,
204 verbose parsed url   pathname: '^1.2.0',
204 verbose parsed url   path: '^1.2.0',
204 verbose parsed url   href: '^1.2.0' }
205 verbose addNamed [ 'chokidar', '^1.2.0' ]
206 verbose addNamed [ null, null ]
207 silly lockFile 07af2504-chokidar-1-2-0 chokidar@^1.2.0
208 verbose lock chokidar@^1.2.0 /home/ubuntu/.npm/07af2504-chokidar-1-2-0.lock
209 info addNameTag [ 'ps-tree', '^1.0.1' ]
210 verbose cache add [ 'debug@^2.2.0', null ]
211 verbose cache add name=undefined spec="debug@^2.2.0" args=["debug@^2.2.0",null]
212 verbose parsed url { protocol: null,
212 verbose parsed url   slashes: null,
212 verbose parsed url   auth: null,
212 verbose parsed url   host: null,
212 verbose parsed url   port: null,
212 verbose parsed url   hostname: null,
212 verbose parsed url   hash: null,
212 verbose parsed url   search: null,
212 verbose parsed url   query: null,
212 verbose parsed url   pathname: 'debug@^2.2.0',
212 verbose parsed url   path: 'debug@^2.2.0',
212 verbose parsed url   href: 'debug@^2.2.0' }
213 verbose cache add name="debug" spec="^2.2.0" args=["debug","^2.2.0"]
214 verbose parsed url { protocol: null,
214 verbose parsed url   slashes: null,
214 verbose parsed url   auth: null,
214 verbose parsed url   host: null,
214 verbose parsed url   port: null,
214 verbose parsed url   hostname: null,
214 verbose parsed url   hash: null,
214 verbose parsed url   search: null,
214 verbose parsed url   query: null,
214 verbose parsed url   pathname: '^2.2.0',
214 verbose parsed url   path: '^2.2.0',
214 verbose parsed url   href: '^2.2.0' }
215 verbose addNamed [ 'debug', '^2.2.0' ]
216 verbose addNamed [ null, null ]
217 silly lockFile 862c00aa-debug-2-2-0 debug@^2.2.0
218 verbose lock debug@^2.2.0 /home/ubuntu/.npm/862c00aa-debug-2-2-0.lock
219 info addNameTag [ 'chokidar', '^1.2.0' ]
220 info addNameTag [ 'debug', '^2.2.0' ]
221 verbose url raw es6-promise
222 verbose url resolving [ 'https://registry.npmjs.org/', './es6-promise' ]
223 verbose url resolved https://registry.npmjs.org/es6-promise
224 info trying registry request attempt 1 at 00:32:35
225 verbose etag "5X3RR49F1H0IC7CIOPCSDYADS"
226 http GET https://registry.npmjs.org/es6-promise
227 verbose url raw lodash.defaults
228 verbose url resolving [ 'https://registry.npmjs.org/', './lodash.defaults' ]
229 verbose url resolved https://registry.npmjs.org/lodash.defaults
230 info trying registry request attempt 1 at 00:32:35
231 verbose etag "MBUY85Q4BS5Z2CCQW6O15EEV"
232 http GET https://registry.npmjs.org/lodash.defaults
233 verbose url raw minimatch
234 verbose url resolving [ 'https://registry.npmjs.org/', './minimatch' ]
235 verbose url resolved https://registry.npmjs.org/minimatch
236 info trying registry request attempt 1 at 00:32:35
237 verbose etag "88JGF09JGHX2ZDOYARXHFCDT7"
238 http GET https://registry.npmjs.org/minimatch
239 verbose url raw ps-tree
240 verbose url resolving [ 'https://registry.npmjs.org/', './ps-tree' ]
241 verbose url resolved https://registry.npmjs.org/ps-tree
242 info trying registry request attempt 1 at 00:32:35
243 verbose etag "40ND231723GRZS0KVK8QR7SYE"
244 http GET https://registry.npmjs.org/ps-tree
245 verbose url raw touch/1.0.0
246 verbose url resolving [ 'https://registry.npmjs.org/', './touch/1.0.0' ]
247 verbose url resolved https://registry.npmjs.org/touch/1.0.0
248 info trying registry request attempt 1 at 00:32:35
249 verbose etag "E1HTGB5B7TWNEPHLU14DHYSSB"
250 http GET https://registry.npmjs.org/touch/1.0.0
251 verbose url raw undefsafe/0.0.3
252 verbose url resolving [ 'https://registry.npmjs.org/', './undefsafe/0.0.3' ]
253 verbose url resolved https://registry.npmjs.org/undefsafe/0.0.3
254 info trying registry request attempt 1 at 00:32:35
255 verbose etag "BOBUW9RE1RDIKIXXALSIR90R7"
256 http GET https://registry.npmjs.org/undefsafe/0.0.3
257 verbose url raw update-notifier/0.5.0
258 verbose url resolving [ 'https://registry.npmjs.org/', './update-notifier/0.5.0' ]
259 verbose url resolved https://registry.npmjs.org/update-notifier/0.5.0
260 info trying registry request attempt 1 at 00:32:35
261 verbose etag "1G5W1MMF3VTSLKWLSU10STDYU"
262 http GET https://registry.npmjs.org/update-notifier/0.5.0
263 verbose url raw chokidar
264 verbose url resolving [ 'https://registry.npmjs.org/', './chokidar' ]
265 verbose url resolved https://registry.npmjs.org/chokidar
266 info trying registry request attempt 1 at 00:32:35
267 verbose etag "A1TF5OO17EG0UV8RWDJXZ51JT"
268 http GET https://registry.npmjs.org/chokidar
269 verbose url raw debug
270 verbose url resolving [ 'https://registry.npmjs.org/', './debug' ]
271 verbose url resolved https://registry.npmjs.org/debug
272 info trying registry request attempt 1 at 00:32:35
273 verbose etag "2QG8H7WC85I481P5ZEPTXW3BH"
274 http GET https://registry.npmjs.org/debug
275 http 304 https://registry.npmjs.org/lodash.defaults
276 silly registry.get cb [ 304,
276 silly registry.get   { date: 'Thu, 03 Dec 2015 00:32:35 GMT',
276 silly registry.get     via: '1.1 varnish',
276 silly registry.get     'cache-control': 'max-age=60',
276 silly registry.get     etag: '"MBUY85Q4BS5Z2CCQW6O15EEV"',
276 silly registry.get     age: '11',
276 silly registry.get     connection: 'keep-alive',
276 silly registry.get     'x-served-by': 'cache-fra1224-FRA',
276 silly registry.get     'x-cache': 'HIT',
276 silly registry.get     'x-cache-hits': '1',
276 silly registry.get     'x-timer': 'S1449102755.273003,VS0,VE0',
276 silly registry.get     vary: 'Accept' } ]
277 verbose etag lodash.defaults from cache
278 http 304 https://registry.npmjs.org/minimatch
279 silly registry.get cb [ 304,
279 silly registry.get   { date: 'Thu, 03 Dec 2015 00:32:35 GMT',
279 silly registry.get     via: '1.1 varnish',
279 silly registry.get     'cache-control': 'max-age=60',
279 silly registry.get     etag: '"88JGF09JGHX2ZDOYARXHFCDT7"',
279 silly registry.get     age: '58',
279 silly registry.get     connection: 'keep-alive',
279 silly registry.get     'x-served-by': 'cache-fra1245-FRA',
279 silly registry.get     'x-cache': 'HIT',
279 silly registry.get     'x-cache-hits': '3',
279 silly registry.get     'x-timer': 'S1449102755.275561,VS0,VE0',
279 silly registry.get     vary: 'Accept' } ]
280 verbose etag minimatch from cache
281 http 304 https://registry.npmjs.org/ps-tree
282 silly registry.get cb [ 304,
282 silly registry.get   { date: 'Thu, 03 Dec 2015 00:32:35 GMT',
282 silly registry.get     via: '1.1 varnish',
282 silly registry.get     'cache-control': 'max-age=60',
282 silly registry.get     etag: '"40ND231723GRZS0KVK8QR7SYE"',
282 silly registry.get     age: '10',
282 silly registry.get     connection: 'keep-alive',
282 silly registry.get     'x-served-by': 'cache-fra1240-FRA',
282 silly registry.get     'x-cache': 'HIT',
282 silly registry.get     'x-cache-hits': '1',
282 silly registry.get     'x-timer': 'S1449102755.279614,VS0,VE0',
282 silly registry.get     vary: 'Accept' } ]
283 verbose etag ps-tree from cache
284 silly lockFile 28a2b61b-lodash-defaults-3-1-2 lodash.defaults@^3.1.2
285 silly lockFile 28a2b61b-lodash-defaults-3-1-2 lodash.defaults@^3.1.2
286 silly lockFile bed99fe0-minimatch-3-0-0 minimatch@^3.0.0
287 silly lockFile bed99fe0-minimatch-3-0-0 minimatch@^3.0.0
288 verbose about to build /home/ubuntu/workspace/node_modules/nodemon
289 info /home/ubuntu/workspace/node_modules/nodemon unbuild
290 verbose from cache /home/ubuntu/workspace/node_modules/nodemon/package.json
291 info preuninstall nodemon@1.8.1
292 silly lockFile 6ce005ce-ps-tree-1-0-1 ps-tree@^1.0.1
293 silly lockFile 6ce005ce-ps-tree-1-0-1 ps-tree@^1.0.1
294 info uninstall nodemon@1.8.1
295 verbose true,/home/ubuntu/workspace/node_modules,/home/ubuntu/workspace/node_modules unbuild nodemon@1.8.1
296 verbose /home/ubuntu/workspace/node_modules/.bin,[object Object] binRoot
297 info postuninstall nodemon@1.8.1
298 http 304 https://registry.npmjs.org/chokidar
299 silly registry.get cb [ 304,
299 silly registry.get   { date: 'Thu, 03 Dec 2015 00:32:35 GMT',
299 silly registry.get     via: '1.1 varnish',
299 silly registry.get     'cache-control': 'max-age=60',
299 silly registry.get     etag: '"A1TF5OO17EG0UV8RWDJXZ51JT"',
299 silly registry.get     age: '57',
299 silly registry.get     connection: 'keep-alive',
299 silly registry.get     'x-served-by': 'cache-fra1240-FRA',
299 silly registry.get     'x-cache': 'HIT',
299 silly registry.get     'x-cache-hits': '1',
299 silly registry.get     'x-timer': 'S1449102755.290378,VS0,VE0',
299 silly registry.get     vary: 'Accept' } ]
300 verbose etag chokidar from cache
301 silly lockFile 07af2504-chokidar-1-2-0 chokidar@^1.2.0
302 silly lockFile 07af2504-chokidar-1-2-0 chokidar@^1.2.0
303 http 304 https://registry.npmjs.org/debug
304 silly registry.get cb [ 304,
304 silly registry.get   { date: 'Thu, 03 Dec 2015 00:32:35 GMT',
304 silly registry.get     via: '1.1 varnish',
304 silly registry.get     'cache-control': 'max-age=60',
304 silly registry.get     etag: '"2QG8H7WC85I481P5ZEPTXW3BH"',
304 silly registry.get     age: '45',
304 silly registry.get     connection: 'keep-alive',
304 silly registry.get     'x-served-by': 'cache-fra1240-FRA',
304 silly registry.get     'x-cache': 'HIT',
304 silly registry.get     'x-cache-hits': '4',
304 silly registry.get     'x-timer': 'S1449102755.300104,VS0,VE0',
304 silly registry.get     vary: 'Accept' } ]
305 verbose etag debug from cache
306 error Error: No compatible version found: lodash.defaults@'^3.1.2'
306 error Valid install targets:
306 error ["2.0.0","2.1.0","2.2.0","2.2.1","2.3.0","2.4.0","2.4.1","3.0.0","3.1.0","3.1.1","3.1.2"]
306 error     at installTargetsError (/home/ubuntu/.nvm/v0.10.12/lib/node_modules/npm/lib/cache.js:719:10)
306 error     at /home/ubuntu/.nvm/v0.10.12/lib/node_modules/npm/lib/cache.js:641:10
306 error     at saved (/home/ubuntu/.nvm/v0.10.12/lib/node_modules/npm/node_modules/npm-registry-client/lib/get.js:138:7)
306 error     at Object.oncomplete (fs.js:107:15)
307 error If you need help, you may report this log at:
307 error     <http://github.com/isaacs/npm/issues>
307 error or email it to:
307 error     <npm-@googlegroups.com>
308 error System Linux 4.2.0-c9
309 error command "/home/ubuntu/.nvm/v0.10.12/bin/node" "/home/ubuntu/.nvm/v0.10.12/bin/npm" "install" "nodemon"
310 error cwd /home/ubuntu/workspace
311 error node -v v0.10.12
312 error npm -v 1.2.32
313 verbose exit [ 1, true ]
